<?xml version="1.0" encoding="UTF-8"?>
<!-- Generated by org.testng.reporters.JUnitReportReporter -->
<testsuite skipped="0" hostname="DELL-PC" name="mavan.mavan1stprogram.Testng1$Class1" tests="2" failures="0" timestamp="15 May 2018 06:08:10 GMT" time="82.892" errors="0">
  <testcase name="linktesting" time="36.428" classname="mavan.mavan1stprogram.Testng1$Class1"/>
  <testcase name="linktesting" time="46.464" classname="mavan.mavan1stprogram.Testng1$Class1"/>
</testsuite> <!-- mavan.mavan1stprogram.Testng1$Class1 -->
